<?xml version="1.0" encoding="UTF-8"?>
<!-- Generated by org.testng.reporters.JUnitReportReporter -->
<testsuite skipped="0" hostname="DESKTOP-CP4RQU0" name="Clients.AddClientTest" tests="8" failures="0" timestamp="2021-11-02T18:51:21 IST" time="6.370" errors="0">
  <testcase name="verifyClientSideButton" time="1.461" classname="Clients.AddClientTest"/>
  <system-out/>
  <testcase name="verifyClientAddButton" time="0.289" classname="Clients.AddClientTest"/>
  <system-out/>
  <testcase name="clientFirstAndLastName" time="0.363" classname="Clients.AddClientTest"/>
  <system-out/>
  <testcase name="clientEmail" time="0.302" classname="Clients.AddClientTest"/>
  <system-out/>
  <testcase name="clientAddress" time="0.410" classname="Clients.AddClientTest"/>
  <system-out/>
  <testcase name="clientPhNoAndFax" time="0.269" classname="Clients.AddClientTest"/>
  <system-out/>
  <testcase name="clientWebsite" time="0.233" classname="Clients.AddClientTest"/>
  <system-out/>
  <testcase name="clientPhoto" time="3.043" classname="Clients.AddClientTest"/>
  <system-out/>
</testsuite> <!-- Clients.AddClientTest -->
