<?xml version="1.0" encoding="UTF-8"?>
<!-- Generated by org.testng.reporters.JUnitReportReporter -->
<testsuite skipped="0" hostname="DESKTOP-CP4RQU0" name="Hoursheets.SignupPageTest" tests="7" failures="0" timestamp="2021-09-16T18:14:28 IST" time="4.448" errors="0">
  <testcase name="selectTrialPlan" time="0.849" classname="Hoursheets.SignupPageTest"/>
  <system-out/>
  <testcase name="verifyFirstNameLastNameTest" time="0.461" classname="Hoursheets.SignupPageTest"/>
  <system-out/>
  <testcase name="verifyEmail" time="0.456" classname="Hoursheets.SignupPageTest"/>
  <system-out/>
  <testcase name="verifyWorkspace" time="0.155" classname="Hoursheets.SignupPageTest"/>
  <system-out/>
  <testcase name="selectCountry" time="0.237" classname="Hoursheets.SignupPageTest"/>
  <system-out/>
  <testcase name="verifyPhoneDetails" time="1.935" classname="Hoursheets.SignupPageTest"/>
  <system-out/>
  <testcase name="getPassword" time="0.355" classname="Hoursheets.SignupPageTest"/>
  <system-out/>
</testsuite> <!-- Hoursheets.SignupPageTest -->
