<?xml version="1.0" encoding="UTF-8"?>
<!-- Generated by org.testng.reporters.JUnitReportReporter -->
<testsuite skipped="0" hostname="DESKTOP-CP4RQU0" name="Invoice.DeleteInvoiceTest" tests="3" failures="0" timestamp="2021-11-02T18:18:33 IST" time="2.300" errors="0">
  <testcase name="verifyInvoiceSideButton" time="1.521" classname="Invoice.DeleteInvoiceTest"/>
  <system-out/>
  <testcase name="selectAndClickDeleteInvoice" time="0.645" classname="Invoice.DeleteInvoiceTest"/>
  <system-out/>
  <testcase name="selectYesOrNo" time="0.134" classname="Invoice.DeleteInvoiceTest"/>
  <system-out/>
</testsuite> <!-- Invoice.DeleteInvoiceTest -->
