<?xml version="1.0" encoding="UTF-8"?>
<!-- Generated by org.testng.reporters.JUnitReportReporter -->
<testsuite skipped="0" hostname="DESKTOP-CP4RQU0" name="Clients.AddClientTest" tests="1" failures="0" timestamp="2021-09-16T18:57:44 IST" time="7.320" errors="0">
  <testcase name="AddingClientPageTest" time="7.320" classname="Clients.AddClientTest"/>
  <system-out/>
</testsuite> <!-- Clients.AddClientTest -->
