<?xml version="1.0" encoding="UTF-8"?>
<!-- Generated by org.testng.reporters.JUnitReportReporter -->
<testsuite skipped="0" hostname="DESKTOP-CP4RQU0" name="Invoice.EditInvoiceTest" tests="9" failures="0" timestamp="2021-11-02T17:44:09 IST" time="45.116" errors="0">
  <testcase name="verifyInvoiceSideButton" time="1.693" classname="Invoice.EditInvoiceTest"/>
  <system-out/>
  <testcase name="selectAndEditInvoice" time="0.695" classname="Invoice.EditInvoiceTest"/>
  <system-out/>
  <testcase name="verifyCompanyNameAndLogo" time="3.645" classname="Invoice.EditInvoiceTest"/>
  <system-out/>
  <testcase name="verifyClient" time="0.239" classname="Invoice.EditInvoiceTest"/>
  <system-out/>
  <testcase name="verifyInvoiceNo" time="0.844" classname="Invoice.EditInvoiceTest"/>
  <system-out/>
  <testcase name="verifyDateAndDueDate" time="2.149" classname="Invoice.EditInvoiceTest"/>
  <system-out/>
  <testcase name="verifyAddItem" time="30.567" classname="Invoice.EditInvoiceTest"/>
  <system-out/>
  <testcase name="verifyTaxAndDiscount" time="1.323" classname="Invoice.EditInvoiceTest"/>
  <system-out/>
  <testcase name="verifyInvoiceAndPrivateNote" time="3.961" classname="Invoice.EditInvoiceTest"/>
  <system-out/>
</testsuite> <!-- Invoice.EditInvoiceTest -->
