<?xml version="1.0" encoding="UTF-8"?>
<!-- Generated by org.testng.reporters.JUnitReportReporter -->
<testsuite skipped="0" hostname="DESKTOP-CP4RQU0" name="Hoursheets.LoginPageTest2" tests="1" failures="0" timestamp="2021-09-01T15:05:34 IST" time="2.847" errors="0">
  <testcase name="UserLoggedinPageTest" time="2.847" classname="Hoursheets.LoginPageTest2"/>
  <system-out/>
</testsuite> <!-- Hoursheets.LoginPageTest2 -->
