<?xml version="1.0" encoding="UTF-8"?>
<!-- Generated by org.testng.reporters.JUnitReportReporter -->
<testsuite skipped="0" hostname="DESKTOP-CP4RQU0" name="Hoursheets.SignupPageTest" tests="7" failures="0" timestamp="2021-09-23T11:00:50 IST" time="4.127" errors="0">
  <testcase name="selectTrialPlan" time="0.537" classname="Hoursheets.SignupPageTest"/>
  <system-out/>
  <testcase name="verifyFirstNameLastNameTest" time="0.508" classname="Hoursheets.SignupPageTest"/>
  <system-out/>
  <testcase name="verifyEmail" time="0.415" classname="Hoursheets.SignupPageTest"/>
  <system-out/>
  <testcase name="verifyWorkspace" time="0.156" classname="Hoursheets.SignupPageTest"/>
  <system-out/>
  <testcase name="verifyCountrySelected" time="0.247" classname="Hoursheets.SignupPageTest"/>
  <system-out/>
  <testcase name="verifyPhoneDetails" time="1.913" classname="Hoursheets.SignupPageTest"/>
  <system-out/>
  <testcase name="verifyPassword" time="0.351" classname="Hoursheets.SignupPageTest"/>
  <system-out/>
</testsuite> <!-- Hoursheets.SignupPageTest -->
