<?xml version="1.0" encoding="UTF-8"?>
<!-- Generated by org.testng.reporters.JUnitReportReporter -->
<testsuite skipped="0" hostname="DESKTOP-CP4RQU0" name="Clients.EditClientTest" tests="7" failures="0" timestamp="2021-11-03T15:35:04 IST" time="6.985" errors="0">
  <testcase name="verifyClientSideButton" time="1.412" classname="Clients.EditClientTest"/>
  <system-out/>
  <testcase name="validateClient" time="0.710" classname="Clients.EditClientTest"/>
  <system-out/>
  <testcase name="clientFirstAndLastName" time="0.624" classname="Clients.EditClientTest"/>
  <system-out/>
  <testcase name="clientAddress" time="0.473" classname="Clients.EditClientTest"/>
  <system-out/>
  <testcase name="clientPhNoAndFax" time="0.421" classname="Clients.EditClientTest"/>
  <system-out/>
  <testcase name="clientWebsite" time="0.275" classname="Clients.EditClientTest"/>
  <system-out/>
  <testcase name="clientPhoto" time="3.070" classname="Clients.EditClientTest"/>
  <system-out/>
</testsuite> <!-- Clients.EditClientTest -->
