<?xml version="1.0" encoding="UTF-8"?>
<!-- Generated by org.testng.reporters.JUnitReportReporter -->
<testsuite skipped="0" hostname="DESKTOP-CP4RQU0" name="Clients.AddClientTest" tests="8" failures="0" timestamp="2021-09-23T11:46:52 IST" time="7.279" errors="0">
  <testcase name="verifyClientSideButton" time="2.275" classname="Clients.AddClientTest"/>
  <system-out/>
  <testcase name="verifyClientAddButton" time="0.235" classname="Clients.AddClientTest"/>
  <system-out/>
  <testcase name="clientFirstAndLastName" time="0.394" classname="Clients.AddClientTest"/>
  <system-out/>
  <testcase name="clientEmail" time="0.310" classname="Clients.AddClientTest"/>
  <system-out/>
  <testcase name="clientAddress" time="0.447" classname="Clients.AddClientTest"/>
  <system-out/>
  <testcase name="clientPhNoAndFax" time="0.266" classname="Clients.AddClientTest"/>
  <system-out/>
  <testcase name="clientWebsite" time="0.213" classname="Clients.AddClientTest"/>
  <system-out/>
  <testcase name="clientPhoto" time="3.139" classname="Clients.AddClientTest"/>
  <system-out/>
</testsuite> <!-- Clients.AddClientTest -->
