<?xml version="1.0" encoding="UTF-8"?>
<!-- Generated by org.testng.reporters.JUnitReportReporter -->
<testsuite skipped="0" hostname="DESKTOP-CP4RQU0" name="Clients.AddClientTest" tests="8" failures="0" timestamp="2021-10-28T19:03:57 IST" time="7.140" errors="0">
  <testcase name="verifyClientSideButton" time="2.011" classname="Clients.AddClientTest"/>
  <system-out/>
  <testcase name="verifyClientAddButton" time="0.234" classname="Clients.AddClientTest"/>
  <system-out/>
  <testcase name="clientFirstAndLastName" time="0.390" classname="Clients.AddClientTest"/>
  <system-out/>
  <testcase name="clientEmail" time="0.409" classname="Clients.AddClientTest"/>
  <system-out/>
  <testcase name="clientAddress" time="0.481" classname="Clients.AddClientTest"/>
  <system-out/>
  <testcase name="clientPhNoAndFax" time="0.275" classname="Clients.AddClientTest"/>
  <system-out/>
  <testcase name="clientWebsite" time="0.241" classname="Clients.AddClientTest"/>
  <system-out/>
  <testcase name="clientPhoto" time="3.099" classname="Clients.AddClientTest"/>
  <system-out/>
</testsuite> <!-- Clients.AddClientTest -->
