<?xml version="1.0" encoding="UTF-8"?>
<!-- Generated by org.testng.reporters.JUnitReportReporter -->
<testsuite skipped="0" hostname="DESKTOP-CP4RQU0" name="Clients.DeleteClientTest" tests="3" failures="0" timestamp="2021-11-03T12:58:30 IST" time="2.619" errors="0">
  <testcase name="verifyInvoiceSideButton" time="1.739" classname="Clients.DeleteClientTest"/>
  <system-out/>
  <testcase name="validateClient" time="0.630" classname="Clients.DeleteClientTest"/>
  <system-out/>
  <testcase name="selectYesOrNo" time="0.250" classname="Clients.DeleteClientTest"/>
  <system-out/>
</testsuite> <!-- Clients.DeleteClientTest -->
