<?xml version="1.0" encoding="UTF-8"?>
<!-- Generated by org.testng.reporters.JUnitReportReporter -->
<testsuite skipped="0" hostname="DESKTOP-CP4RQU0" name="Clients.AddClientTest" tests="1" failures="0" timestamp="2021-09-06T18:28:39 IST" time="8.568" errors="0">
  <testcase name="AddingClientPageTest" time="8.568" classname="Clients.AddClientTest"/>
  <system-out/>
</testsuite> <!-- Clients.AddClientTest -->
