<?xml version="1.0" encoding="UTF-8"?>
<!-- Generated by org.testng.reporters.JUnitReportReporter -->
<testsuite skipped="0" hostname="DESKTOP-CP4RQU0" name="Invoice.AddInvoiceTest" tests="9" failures="0" timestamp="2021-11-02T12:25:16 IST" time="39.324" errors="0">
  <testcase name="verifyInvoiceSideButton" time="1.608" classname="Invoice.AddInvoiceTest"/>
  <system-out/>
  <testcase name="verifyAddInvoiceButton" time="0.261" classname="Invoice.AddInvoiceTest"/>
  <system-out/>
  <testcase name="verifyCompanyNameAndLogo" time="3.574" classname="Invoice.AddInvoiceTest"/>
  <system-out/>
  <testcase name="verifyClient" time="0.328" classname="Invoice.AddInvoiceTest"/>
  <system-out/>
  <testcase name="verifyInvoiceNo" time="0.492" classname="Invoice.AddInvoiceTest"/>
  <system-out/>
  <testcase name="verifyDateAndDueDate" time="1.949" classname="Invoice.AddInvoiceTest"/>
  <system-out/>
  <testcase name="verifyAddItem" time="26.376" classname="Invoice.AddInvoiceTest"/>
  <system-out/>
  <testcase name="verifyTaxAndDiscount" time="1.333" classname="Invoice.AddInvoiceTest"/>
  <system-out/>
  <testcase name="verifyInvoiceAndPrivateNote" time="3.403" classname="Invoice.AddInvoiceTest"/>
  <system-out/>
</testsuite> <!-- Invoice.AddInvoiceTest -->
