<?xml version="1.0" encoding="UTF-8"?>
<!-- Generated by org.testng.reporters.JUnitReportReporter -->
<testsuite skipped="0" hostname="DESKTOP-CP4RQU0" name="Hoursheets.LoginPageTest" tests="1" failures="0" timestamp="2021-09-06T13:23:26 IST" time="0.569" errors="0">
  <testcase name="UserLoggedinPageTest" time="0.569" classname="Hoursheets.LoginPageTest"/>
  <system-out/>
</testsuite> <!-- Hoursheets.LoginPageTest -->
